<?xml version="1.0" encoding="UTF-8"?>
<!-- Generated by org.testng.reporters.JUnitReportReporter -->
<testsuite hostname="DESKTOP-QQRBDV9" failures="0" tests="1" name="PhpTravels.FlightBooking" time="31.980" errors="0" timestamp="2021-06-13T04:05:15 IST" skipped="0">
  <testcase classname="PhpTravels.FlightBooking" name="HomePage" time="31.980"/>
  <system-out/>
</testsuite> <!-- PhpTravels.FlightBooking -->
